To honour the JVM settings for this build a single-use Daemon process will be forked. For more on this, please refer to https://docs.gradle.org/8.13/userguide/gradle_daemon.html#sec:disabling_the_daemon in the Gradle documentation.
Daemon will be stopped at the end of the build 
> Task :app:preBuild UP-TO-DATE
> Task :app:preDebugBuild UP-TO-DATE
> Task :app:mergeDebugNativeDebugMetadata NO-SOURCE
> Task :app:checkKotlinGradlePluginConfigurationErrors SKIPPED
> Task :app:generateDebugBuildConfig UP-TO-DATE
> Task :app:checkDebugAarMetadata UP-TO-DATE
> Task :app:processDebugNavigationResources UP-TO-DATE
> Task :app:compileDebugNavigationResources UP-TO-DATE
> Task :app:generateDebugResValues UP-TO-DATE
> Task :app:processDebugGoogleServices UP-TO-DATE
> Task :app:mapDebugSourceSetPaths UP-TO-DATE
> Task :app:generateDebugResources UP-TO-DATE
> Task :app:mergeDebugResources UP-TO-DATE
> Task :app:packageDebugResources UP-TO-DATE
> Task :app:parseDebugLocalResources UP-TO-DATE
> Task :app:createDebugCompatibleScreenManifests UP-TO-DATE
> Task :app:extractDeepLinksDebug UP-TO-DATE
> Task :app:processDebugMainManifest UP-TO-DATE
> Task :app:processDebugManifest UP-TO-DATE
> Task :app:processDebugManifestForPackage UP-TO-DATE
> Task :app:processDebugResources UP-TO-DATE
> Task :app:javaPreCompileDebug UP-TO-DATE
> Task :app:mergeDebugShaders UP-TO-DATE
> Task :app:compileDebugShaders NO-SOURCE
> Task :app:generateDebugAssets UP-TO-DATE
> Task :app:mergeDebugAssets UP-TO-DATE
> Task :app:compressDebugAssets UP-TO-DATE
> Task :app:checkDebugDuplicateClasses UP-TO-DATE
> Task :app:desugarDebugFileDependencies UP-TO-DATE
> Task :app:mergeExtDexDebug UP-TO-DATE
> Task :app:mergeLibDexDebug UP-TO-DATE
> Task :app:mergeDebugJniLibFolders UP-TO-DATE
> Task :app:mergeDebugNativeLibs UP-TO-DATE
> Task :app:stripDebugDebugSymbols UP-TO-DATE
> Task :app:validateSigningDebug UP-TO-DATE
> Task :app:writeDebugAppMetadata UP-TO-DATE
> Task :app:writeDebugSigningConfigVersions UP-TO-DATE

> Task :app:kaptGenerateStubsDebugKotlin
w: Kapt currently doesn't support language version 2.0+. Falling back to 1.9.

> Task :app:kaptDebugKotlin
warning: The following options were not recognized by any processor: '[dagger.fastInit, dagger.hilt.android.internal.disableAndroidSuperclassValidation, dagger.hilt.android.internal.projectType, dagger.hilt.internal.useAggregatingRootProcessor, kapt.kotlin.generated]'

> Task :app:compileDebugKotlin
w: file:///E:/Projects/gym-saas/apps/mobibix-android/app/src/main/java/com/aiyal/mobibix/ui/features/reports/InventoryReportScreen.kt:29:62 'constructor(p0: String!, p1: String!): Locale' is deprecated. Deprecated in Java.
w: file:///E:/Projects/gym-saas/apps/mobibix-android/app/src/main/java/com/aiyal/mobibix/ui/features/reports/InventoryReportScreen.kt:41:44 'val Icons.Filled.ArrowBack: ImageVector' is deprecated. Use the AutoMirrored version at Icons.AutoMirrored.Filled.ArrowBack.
w: file:///E:/Projects/gym-saas/apps/mobibix-android/app/src/main/java/com/aiyal/mobibix/ui/features/reports/ProfitLossScreen.kt:28:62 'constructor(p0: String!, p1: String!): Locale' is deprecated. Deprecated in Java.
w: file:///E:/Projects/gym-saas/apps/mobibix-android/app/src/main/java/com/aiyal/mobibix/ui/features/reports/ProfitLossScreen.kt:40:44 'val Icons.Filled.ArrowBack: ImageVector' is deprecated. Use the AutoMirrored version at Icons.AutoMirrored.Filled.ArrowBack.
w: file:///E:/Projects/gym-saas/apps/mobibix-android/app/src/main/java/com/aiyal/mobibix/ui/features/reports/RepairReportScreen.kt:26:62 'constructor(p0: String!, p1: String!): Locale' is deprecated. Deprecated in Java.
w: file:///E:/Projects/gym-saas/apps/mobibix-android/app/src/main/java/com/aiyal/mobibix/ui/features/reports/RepairReportScreen.kt:38:44 'val Icons.Filled.ArrowBack: ImageVector' is deprecated. Use the AutoMirrored version at Icons.AutoMirrored.Filled.ArrowBack.
w: file:///E:/Projects/gym-saas/apps/mobibix-android/app/src/main/java/com/aiyal/mobibix/ui/features/reports/ReportsLandingScreen.kt:38:44 'val Icons.Filled.ArrowBack: ImageVector' is deprecated. Use the AutoMirrored version at Icons.AutoMirrored.Filled.ArrowBack.
w: file:///E:/Projects/gym-saas/apps/mobibix-android/app/src/main/java/com/aiyal/mobibix/ui/features/reports/SalesReportScreen.kt:29:62 'constructor(p0: String!, p1: String!): Locale' is deprecated. Deprecated in Java.
w: file:///E:/Projects/gym-saas/apps/mobibix-android/app/src/main/java/com/aiyal/mobibix/ui/features/reports/SalesReportScreen.kt:41:44 'val Icons.Filled.ArrowBack: ImageVector' is deprecated. Use the AutoMirrored version at Icons.AutoMirrored.Filled.ArrowBack.

> Task :app:compileDebugJavaWithJavac
> Task :app:hiltAggregateDepsDebug

> Task :app:hiltJavaCompileDebug
Note: E:\Projects\gym-saas\apps\mobibix-android\app\build\generated\hilt\component_sources\debug\com\aiyal\mobibix\DaggerMobiBixApplication_HiltComponents_SingletonC.java uses or overrides a deprecated API.
Note: Recompile with -Xlint:deprecation for details.

> Task :app:processDebugJavaRes
> Task :app:mergeDebugJavaResource
> Task :app:transformDebugClassesWithAsm
> Task :app:dexBuilderDebug
> Task :app:mergeProjectDexDebug
> Task :app:packageDebug
> Task :app:createDebugApkListingFileRedirect UP-TO-DATE
> Task :app:assembleDebug

[Incubating] Problems report is available at: file:///E:/Projects/gym-saas/apps/mobibix-android/build/reports/problems/problems-report.html

BUILD SUCCESSFUL in 1m 1s
44 actionable tasks: 12 executed, 32 up-to-date
